<?xml version="1.0" encoding="UTF-8"?>
<!-- Generated by org.testng.reporters.JUnitXMLReporter -->
<testsuite ignored="0" hostname="DESKTOP-46BCDHA" failures="0" tests="7" name="Default test" time="128.018" errors="0" timestamp="2023-06-25T15:35:50 IST">
  <testcase classname="demo.AppiumFramework.Hybridapptest" name="bookNow" time="22.974"/>
  <testcase classname="demo.AppiumFramework.Hybridapptest" name="menuBar_bookings" time="15.974"/>
  <testcase classname="demo.AppiumFramework.Hybridapptest" name="aboutUs" time="16.142"/>
  <testcase classname="demo.AppiumFramework.Hybridapptest" name="informationCenter" time="20.058"/>
  <testcase classname="demo.AppiumFramework.Hybridapptest" name="Profile" time="7.754"/>
  <testcase classname="demo.AppiumFramework.Hybridapptest" name="appLanguage" time="13.677"/>
  <testcase classname="demo.AppiumFramework.Hybridapptest" name="callUs" time="15.292"/>
</testsuite> <!-- Default test -->
