<?xml version="1.0" encoding="UTF-8"?>
<!-- Generated by org.testng.reporters.JUnitXMLReporter -->
<testsuite ignored="0" hostname="DESKTOP-46BCDHA" failures="0" tests="7" name="Test" time="132.312" errors="0" timestamp="2023-05-25T00:58:06 IST">
  <testcase classname="demo.AppiumFramework.Hybridapptest" name="bookNow" time="23.792"/>
  <testcase classname="demo.AppiumFramework.Hybridapptest" name="menuBar_bookings" time="16.235"/>
  <testcase classname="demo.AppiumFramework.Hybridapptest" name="aboutUs" time="16.466"/>
  <testcase classname="demo.AppiumFramework.Hybridapptest" name="informationCenter" time="20.603"/>
  <testcase classname="demo.AppiumFramework.Hybridapptest" name="Profile" time="7.308"/>
  <testcase classname="demo.AppiumFramework.Hybridapptest" name="appLanguage" time="13.688"/>
  <testcase classname="demo.AppiumFramework.Hybridapptest" name="callUs" time="17.704"/>
</testsuite> <!-- Test -->
